Suite3
{'id': 's1-s1-s1', 'longname': 'robotbase.Parallel Test.Suite3', 'doc': '', 'metadata': {}, 'starttime': '20200615 23:56:54.244', 'endtime': '20200615 23:58:57.115', 'elapsedtime': 122871, 'status': 'FAIL', 'message': "Suite setup failed:\nKeyword 'Acquire Device' failed after retrying for 2 minutes. The last error was: '1 == 0' should be true.\n\nAlso suite teardown failed:\nVariable '@{suite_devices}' not found.", 'tests': ['Test_001'], 'suites': [], 'totaltests': 1, 'source': 'F:\\work\\project\\ui-api-robotframework\\uitest_base\\parallel_test\\suite3.robot', 'statistics': '1 critical test, 0 passed, 1 failed\n1 test total, 0 passed, 1 failed'}
Suite3
{'id': 's1-s1', 'longname': 'robotbase.Parallel Test', 'doc': '', 'metadata': {}, 'starttime': '20200615 23:56:54.234', 'endtime': '20200615 23:58:57.120', 'elapsedtime': 122886, 'status': 'FAIL', 'message': '', 'tests': [], 'suites': ['Suite3'], 'totaltests': 1, 'source': 'F:\\work\\project\\ui-api-robotframework\\uitest_base\\parallel_test', 'statistics': '1 critical test, 0 passed, 1 failed\n1 test total, 0 passed, 1 failed'}
Suite3
{'id': 's1', 'longname': 'robotbase', 'doc': '', 'metadata': {}, 'starttime': '20200615 23:56:54.164', 'endtime': '20200615 23:58:57.124', 'elapsedtime': 122960, 'status': 'FAIL', 'message': '', 'tests': [], 'suites': ['Parallel Test'], 'totaltests': 1, 'source': 'F:\\work\\project\\ui-api-robotframework\\uitest_base', 'statistics': '1 critical test, 0 passed, 1 failed\n1 test total, 0 passed, 1 failed'}
Suite1
{'id': 's1-s1-s1', 'longname': 'robotbase.Parallel Test.Suite1', 'doc': '', 'metadata': {}, 'starttime': '20200615 23:56:17.443', 'endtime': '20200615 23:59:08.945', 'elapsedtime': 171502, 'status': 'FAIL', 'message': "Suite setup failed:\nKeyword 'Acquire Device' failed after retrying for 2 minutes. The last error was: '1 == 0' should be true.\n\nAlso suite teardown failed:\nVariable '@{suite_devices}' not found.", 'tests': ['Test_001'], 'suites': [], 'totaltests': 1, 'source': 'F:\\work\\project\\ui-api-robotframework\\uitest_base\\parallel_test\\suite1.robot', 'statistics': '1 critical test, 0 passed, 1 failed\n1 test total, 0 passed, 1 failed'}
Suite1
{'id': 's1-s1', 'longname': 'robotbase.Parallel Test', 'doc': '', 'metadata': {}, 'starttime': '20200615 23:56:17.433', 'endtime': '20200615 23:59:08.950', 'elapsedtime': 171517, 'status': 'FAIL', 'message': '', 'tests': [], 'suites': ['Suite1'], 'totaltests': 1, 'source': 'F:\\work\\project\\ui-api-robotframework\\uitest_base\\parallel_test', 'statistics': '1 critical test, 0 passed, 1 failed\n1 test total, 0 passed, 1 failed'}
Suite1
{'id': 's1', 'longname': 'robotbase', 'doc': '', 'metadata': {}, 'starttime': '20200615 23:56:17.361', 'endtime': '20200615 23:59:08.954', 'elapsedtime': 171593, 'status': 'FAIL', 'message': '', 'tests': [], 'suites': ['Parallel Test'], 'totaltests': 1, 'source': 'F:\\work\\project\\ui-api-robotframework\\uitest_base', 'statistics': '1 critical test, 0 passed, 1 failed\n1 test total, 0 passed, 1 failed'}
Suite311
{'id': 's1-s1-s1', 'longname': 'robotbase.Parallel Test.Suite311', 'doc': '', 'metadata': {}, 'starttime': '20200615 23:59:03.393', 'endtime': '20200615 23:59:19.768', 'elapsedtime': 16375, 'status': 'FAIL', 'message': '', 'tests': ['Test_001'], 'suites': [], 'totaltests': 1, 'source': 'F:\\work\\project\\ui-api-robotframework\\uitest_base\\parallel_test\\suite311.robot', 'statistics': '1 critical test, 0 passed, 1 failed\n1 test total, 0 passed, 1 failed'}
Suite311
{'id': 's1-s1', 'longname': 'robotbase.Parallel Test', 'doc': '', 'metadata': {}, 'starttime': '20200615 23:59:03.385', 'endtime': '20200615 23:59:19.776', 'elapsedtime': 16391, 'status': 'FAIL', 'message': '', 'tests': [], 'suites': ['Suite311'], 'totaltests': 1, 'source': 'F:\\work\\project\\ui-api-robotframework\\uitest_base\\parallel_test', 'statistics': '1 critical test, 0 passed, 1 failed\n1 test total, 0 passed, 1 failed'}
Suite311
{'id': 's1', 'longname': 'robotbase', 'doc': '', 'metadata': {}, 'starttime': '20200615 23:59:03.316', 'endtime': '20200615 23:59:19.782', 'elapsedtime': 16466, 'status': 'FAIL', 'message': '', 'tests': [], 'suites': ['Parallel Test'], 'totaltests': 1, 'source': 'F:\\work\\project\\ui-api-robotframework\\uitest_base', 'statistics': '1 critical test, 0 passed, 1 failed\n1 test total, 0 passed, 1 failed'}
Suite2
Suite2
Suite2
Suite1
Suite1
Suite1
Suite311
Suite311
Suite311
Suite2
Suite2
Suite2
Suite1
Suite1
Suite1
Suite311
Suite311
Suite311
Suite2
Suite2
Suite2
Suite311
Suite311
Suite311
Suite1
Suite1
Suite1
Suite211
Suite211
Suite211
Suite1
Suite1
Suite1
Suite311
Suite311
Suite311
Suite2
Suite2
Suite2
Suite1
Suite1
Suite1
Suite311
Suite311
Suite311
Suite2
Suite2
Suite2
Suite1
Suite1
Suite1
Suite311
Suite311
Suite311
Suite211
Suite211
Suite211
Suite1
Suite1
Suite1
Suite311
Suite311
Suite311
Suite3
Suite3
Suite3
Suite211
Suite211
Suite211
Suite2
Suite2
Suite2
Suite111
Suite111
Suite111
Suite1
Suite1
Suite1
Suite2
Suite2
Suite2
Suite1
Suite1
Suite1
Suite311
Suite311
Suite311
Suite211
Suite211
Suite211
Suite3
Suite3
Suite3
Suite2
Suite2
Suite2
Suite111
Suite111
Suite111
Suite311
Suite311
Suite311
Suite1
Suite1
Suite1
Suite511
Suite511
Suite511
Suite411
Suite411
Suite411
Suite4
Suite4
Suite4
Suite5
Suite5
Suite5
Suite211
Suite211
Suite211
Suite3
Suite3
Suite3
Suite2
Suite2
Suite2
Suite111
Suite111
Suite111
Suite1
Suite1
Suite1
Suite211
Suite211
Suite211
Suite2
Suite2
Suite2
Suite2
Suite2
Suite2
Suite3
Suite3
Suite3
Suite211
Suite211
Suite211
Suite111
Suite111
Suite111
Suite1
Suite1
Suite1
Suite2
Suite2
Suite2
Suite211
Suite211
Suite211
Suite3
Suite3
Suite3
Suite311
Suite311
Suite311
Suite4
Suite4
Suite4
Suite111
Suite111
Suite111
Suite1
Suite1
Suite1
Suite411
Suite411
Suite411
Suite3
Suite3
Suite3
Suite311
Suite311
Suite311
Suite4
Suite4
Suite4
Suite1
Suite1
Suite1
Suite211
Suite211
Suite211
Suite2
Suite2
Suite2
Suite3
Suite3
Suite3
Suite1
Suite1
Suite1
Suite311
Suite311
Suite311
Suite311
Suite311
Suite311
Suite1
Suite1
Suite1
Suite211
Suite211
Suite211
Suite3
Suite3
Suite3
Suite2
Suite2
Suite2
Suite311
Suite311
Suite311
Suite1
Suite1
Suite1
Suite2
Suite2
Suite2
Suite211
Suite211
Suite211
Suite311
Suite311
Suite311
Suite1
Suite1
Suite1
Suite211
Suite211
Suite211
Suite2
Suite2
Suite2
Suite311
Suite311
Suite311
Suite1
Suite1
Suite1
Suite3
Suite3
Suite3
Suite111
Suite111
Suite111
Suite311
Suite311
Suite311
Suite1
Suite1
Suite1
Suite311
Suite311
Suite311
Suite1
Suite1
Suite1
Suite3
Suite3
Suite3
Suite311
Suite311
Suite311
Suite4
Suite4
Suite4
Suite1
Suite1
Suite1
Suite311
Suite311
Suite311
Suite1
Suite1
Suite1
Suite3
Suite3
Suite3
Suite311
Suite311
Suite311
Suite411
Suite411
Suite411
Suite1
Suite1
Suite1
