in end test-: PASS,15029123456788900-Suite2
PASS
123456788900-Parallel Test
PASS
123456788900-robotbase
PASS
in end test-: FAIL,3123456788900-Suite211
FAIL
123456788900-Parallel Test
FAIL
123456788900-robotbase
FAIL
in end test-: PASS,130027123456788900-Suite111
PASS
123456788900-Parallel Test
PASS
123456788900-robotbase
PASS
in end test-: FAIL,30123456788900-Suite1
FAIL
123456788900-Parallel Test
FAIL
123456788900-robotbase
FAIL
in end test-: FAIL,15014123456788900-Suite311
FAIL
123456788900-Parallel Test
FAIL
123456788900-robotbase
FAIL
in end test-: PASS,15028123456788900-Suite4
PASS
123456788900-Parallel Test
PASS
123456788900-robotbase
PASS
in end test-: PASS,15018123456788900-Suite411
PASS
123456788900-Parallel Test
PASS
123456788900-robotbase
PASS
in end test-: PASS,5025123456788900-Suite5
PASS
123456788900-Parallel Test
PASS
123456788900-robotbase
PASS
in end test-: PASS,5019123456788900-Suite511
PASS
123456788900-Parallel Test
PASS
123456788900-robotbase
PASS
in end test-: PASS,15028123456788900-Suite3
PASS
123456788900-Parallel Test
PASS
123456788900-robotbase
PASS
