>>> Uitest Template | Test_001
>>> Uitest Template1 | Test_001
>>> Uitest Base | Test_001
<<< Uitest Template | Test_001
>>> Uitest Template | Test_002
<<< Uitest Template1 | Test_001
>>> Uitest Template1 | Test_002
<<< Uitest Base | Test_001
<<< Uitest Template | Test_002
<<< Uitest Template1 | Test_002
>>> Uitest Template1 | Test_003
<<< Uitest Template1 | Test_003
>>> Uitest Template1 | Test_004
<<< Uitest Template1 | Test_004
>>> Uitest Template | Test_001
>>> Uitest Template1 | Test_001
>>> Uitest Base | Test_001
<<< Uitest Template | Test_001
>>> Uitest Template | Test_002
<<< Uitest Template1 | Test_001
>>> Uitest Template1 | Test_002
<<< Uitest Base | Test_001
<<< Uitest Template | Test_002
<<< Uitest Template1 | Test_002
>>> Uitest Template1 | Test_003
<<< Uitest Template1 | Test_003
>>> Uitest Template1 | Test_004
<<< Uitest Template1 | Test_004
>>> Test1 | Test_001
<<< Test1 | Test_001
>>> Test2 | Test_001
<<< Test2 | Test_001
>>> Test2 | Test_001
<<< Test2 | Test_001
>>> Test1 | Test_001
<<< Test1 | Test_001
>>> Test2 | Test_001
<<< Test2 | Test_001
>>> Test1 | Test_001
<<< Test1 | Test_001
>>> Test2 | Test_001
<<< Test2 | Test_001
>>> Test1 | Test_001
<<< Test1 | Test_001
>>> Test2 | Test_001
<<< Test2 | Test_001
>>> Test1 | Test_001
<<< Test1 | Test_001
>>> Test1 | Test_001
<<< Test1 | Test_001
>>> Test2 | Test_001
<<< Test2 | Test_001
>>> Test2 | Test_001
<<< Test2 | Test_001
>>> Test1 | Test_001
<<< Test1 | Test_001
>>> Test2 | Test_001
<<< Test2 | Test_001
>>> Test1 | Test_001
<<< Test1 | Test_001
>>> Test2 | Test_001
<<< Test2 | Test_001
>>> Suite1 | Test_001
<<< Suite1 | Test_001
>>> Suite2 | Test_001
<<< Suite2 | Test_001
>>> Suite1 | Test_001
<<< Suite1 | Test_001
>>> Suite2 | Test_001
<<< Suite2 | Test_001
>>> Suite2 | Test_001
<<< Suite2 | Test_001
>>> Suite1 | Test_001
<<< Suite1 | Test_001
>>> Suite1 | Test_001
<<< Suite1 | Test_001
>>> Suite2 | Test_001
<<< Suite2 | Test_001
>>> Suite2 | Test_001
<<< Suite2 | Test_001
>>> Suite1 | Test_001
<<< Suite1 | Test_001
>>> Suite1 | Test_001
<<< Suite1 | Test_001
>>> Suite2 | Test_001
<<< Suite2 | Test_001
>>> Suite1 | Test_001
<<< Suite1 | Test_001
>>> Suite2 | Test_001
<<< Suite2 | Test_001
>>> Suite2 | Test_001
<<< Suite2 | Test_001
>>> Suite1 | Test_001
<<< Suite1 | Test_001
